Flat profile:

Each sample counts as 0.01 seconds.
  %   cumulative   self              self     total           
 time   seconds   seconds    calls  ms/call  ms/call  name    
 98.74      1.56     1.56      923     1.69     1.69  xyVision::GetTarget::imadjust(cv::Mat_<unsigned char> const&, cv::Mat_<unsigned char>&, int, cv::Vec<int, 2>, cv::Vec<int, 2>)
  0.63      1.57     0.01   146810     0.00     0.00  sdk_serial_byte_handle(unsigned char)
  0.63      1.58     0.01     1316     0.01     0.01  aes256_encrypt_ecb(tagAES256Context*, unsigned char*)
  0.00      1.58     0.00    17108     0.00     0.00  aes_mixColumns(unsigned char*)
  0.00      1.58     0.00    13853     0.00     0.00  aes_expandEncKey(unsigned char*, unsigned char*)
  0.00      1.58     0.00     2003     0.00     0.00  sdk_call_data_app(SDKFilter*)
  0.00      1.58     0.00     2003     0.00     0.00  Pro_Link_Recv_Hook(ProHeader*)
  0.00      1.58     0.00     1992     0.00     0.00  DJI_Pro_App_Recv_Req_Data(ProHeader*)
  0.00      1.58     0.00      923     0.00     1.69  xyVision::GetTarget::runOneFrame()
  0.00      1.58     0.00      923     0.00     0.00  xyVision::GetTarget::binarizeTarget(cv::Mat const&, cv::Mat&, std::vector<cv::Point_<int>, std::allocator<cv::Point_<int> > >&)
  0.00      1.58     0.00      923     0.00     1.69  xyVision::GetTarget::adjustImg(cv::Mat&)
  0.00      1.58     0.00      923     0.00     1.69  xyVision::GetTarget::operator<<(cv::Mat const&)
  0.00      1.58     0.00      747     0.00     0.00  XY_Debug_Sprintf(int, char*, ...)
  0.00      1.58     0.00      675     0.00     0.00  Free_Memory_Lock()
  0.00      1.58     0.00      674     0.00     0.00  Get_Memory_Lock()
  0.00      1.58     0.00      664     0.00     0.00  Pro_Hw_Send(unsigned char*, int)
  0.00      1.58     0.00      664     0.00     0.00  Request_Memory(unsigned short)
  0.00      1.58     0.00      664     0.00     0.00  Free_CMD_Session(CMD_Session_Tab*)
  0.00      1.58     0.00      664     0.00     0.00  Request_CMD_Session(unsigned short, unsigned short)
  0.00      1.58     0.00      664     0.00     0.02  sdk_encrypt_interface(unsigned char*, unsigned char const*, unsigned short, unsigned char, unsigned char, unsigned char, unsigned short)
  0.00      1.58     0.00      663     0.00     0.02  Pro_Send_Interface(ProSendParameter*)
  0.00      1.58     0.00      661     0.00     0.00  DJI_Pro_Get_Pos(api_pos_data_t*)
  0.00      1.58     0.00      659     0.00     0.00  DJI_Pro_Get_GroundVo(api_vel_data_t*)
  0.00      1.58     0.00      653     0.00     0.02  DJI_Pro_Attitude_Control(attitude_data_t*)
  0.00      1.58     0.00      571     0.00     0.00  XY_Cal_Attitude_Ctrl_Data_UpDown(api_vel_data_t, api_pos_data_t, float, attitude_data_t*, int*)
  0.00      1.58     0.00      198     0.00     0.00  XYZ2xyz(api_pos_data_t, XYZ, XYZ*)
  0.00      1.58     0.00       88     0.00     0.00  XY_Cal_Attitude_Ctrl_Data_P2P(api_vel_data_t, api_pos_data_t, float, _Leg_Node*, attitude_data_t*, int*)
  0.00      1.58     0.00       28     0.00     0.00  tinyxml2::StrPair::GetStr()
  0.00      1.58     0.00       22     0.00     0.00  XY_Cal_Vel_Ctrl_Data_FP(api_vel_data_t, api_pos_data_t, api_pos_data_t, api_pos_data_t, float, attitude_data_t*)
  0.00      1.58     0.00       18     0.00     0.00  tinyxml2::StrPair::ParseName(char*)
  0.00      1.58     0.00       12     0.00     0.00  tinyxml2::XMLDocument::Identify(char*, tinyxml2::XMLNode**)
  0.00      1.58     0.00       12     0.00     0.00  tinyxml2::XMLNode::~XMLNode()
  0.00      1.58     0.00       10     0.00     0.00  tinyxml2::XMLAttribute::ParseDeep(char*, bool)
  0.00      1.58     0.00       10     0.00     0.00  tinyxml2::XMLAttribute::~XMLAttribute()
  0.00      1.58     0.00       10     0.00     0.00  tinyxml2::MemPoolT<36>::SetTracked()
  0.00      1.58     0.00       10     0.00     0.00  tinyxml2::MemPoolT<36>::Free(void*)
  0.00      1.58     0.00       10     0.00     0.00  tinyxml2::XMLElement::ToElement() const
  0.00      1.58     0.00       10     0.00     0.00  parse_file
  0.00      1.58     0.00       10     0.00     0.00  read_profile_float
  0.00      1.58     0.00       10     0.00     0.00  read_profile_string
  0.00      1.58     0.00        8     0.00     0.00  DJI_Pro_Status_Ctrl_CallBack(ProHeader*)
  0.00      1.58     0.00        8     0.00     0.00  tinyxml2::XMLElement::ParseAttributes(char*)
  0.00      1.58     0.00        8     0.00     0.00  tinyxml2::XMLElement::ParseDeep(char*, tinyxml2::StrPair*)
  0.00      1.58     0.00        8     0.00     0.00  tinyxml2::XMLElement::ToElement()
  0.00      1.58     0.00        8     0.00     0.00  tinyxml2::XMLElement::~XMLElement()
  0.00      1.58     0.00        8     0.00     0.00  tinyxml2::XMLNode::ToDeclaration()
  0.00      1.58     0.00        8     0.00     0.00  tinyxml2::MemPoolT<52>::SetTracked()
  0.00      1.58     0.00        8     0.00     0.00  tinyxml2::MemPoolT<52>::Free(void*)
  0.00      1.58     0.00        8     0.00     0.00  tinyxml2::XMLNode::ToDocument() const
  0.00      1.58     0.00        8     0.00     0.00  tinyxml2::XMLNode::FirstChildElement(char const*) const
  0.00      1.58     0.00        5     0.00     0.00  tinyxml2::XMLAttribute::Value() const
  0.00      1.58     0.00        4     0.00     0.00  DJI_Pro_Status_Ctrl(unsigned char, void (*)(unsigned short))
  0.00      1.58     0.00        4     0.00     0.00  tinyxml2::XMLNode::ToElement() const
  0.00      1.58     0.00        3     0.00     0.00  thread_binding_cpu(int)
  0.00      1.58     0.00        2     0.00     0.00  Get_CMD_Session_Tab()
  0.00      1.58     0.00        2     0.00     0.00  XY_Debug_Send_At_Once(char*, ...)
  0.00      1.58     0.00        2     0.00     0.00  temporary_init_route_list()
  0.00      1.58     0.00        2     0.00     0.00  obtain_io(int*)
  0.00      1.58     0.00        2     0.00     0.00  tinyxml2::XMLDocument::Parse()
  0.00      1.58     0.00        2     0.00     0.00  tinyxml2::XMLDocument::LoadFile(_IO_FILE*)
  0.00      1.58     0.00        2     0.00     0.00  tinyxml2::XMLDocument::LoadFile(char const*)
  0.00      1.58     0.00        2     0.00     0.00  tinyxml2::XMLDocument::XMLDocument(bool, tinyxml2::Whitespace)
  0.00      1.58     0.00        2     0.00     0.00  tinyxml2::XMLDocument::~XMLDocument()
  0.00      1.58     0.00        2     0.00     0.00  tinyxml2::XMLDeclaration::ToDeclaration()
  0.00      1.58     0.00        2     0.00     0.00  tinyxml2::XMLDeclaration::ParseDeep(char*, tinyxml2::StrPair*)
  0.00      1.58     0.00        2     0.00     0.00  tinyxml2::XMLDeclaration::~XMLDeclaration()
  0.00      1.58     0.00        2     0.00     0.00  tinyxml2::XMLNode::ParseDeep(char*, tinyxml2::StrPair*)
  0.00      1.58     0.00        2     0.00     0.00  tinyxml2::XMLNode::ToElement()
  0.00      1.58     0.00        2     0.00     0.00  tinyxml2::MemPoolT<44>::SetTracked()
  0.00      1.58     0.00        2     0.00     0.00  tinyxml2::MemPoolT<44>::Free(void*)
  0.00      1.58     0.00        1     0.00     0.00  _GLOBAL__sub_I__Z10SerialOpenPKc
  0.00      1.58     0.00        1     0.00     0.00  _GLOBAL__sub_I__Z13handle_signali
  0.00      1.58     0.00        1     0.00     0.00  _GLOBAL__sub_I__Z18Pro_Link_Recv_HookP9ProHeader
  0.00      1.58     0.00        1     0.00     0.00  _GLOBAL__sub_I__Z20DJI_Sample_Atti_Ctrlv
  0.00      1.58     0.00        1     0.00     0.00  _GLOBAL__sub_I__Z7geo2XYZ14api_pos_data_tP3XYZ
  0.00      1.58     0.00        1     0.00     0.00  _GLOBAL__sub_I__ZN8xyVision9GetTargetC2ESs
  0.00      1.58     0.00        1     0.00     0.00  _GLOBAL__sub_I_adapter
  0.00      1.58     0.00        1     0.00     0.00  _GLOBAL__sub_I_debug_fresh_flag
  0.00      1.58     0.00        1     0.00     0.00  _GLOBAL__sub_I_mark_offset
  0.00      1.58     0.00        1     0.00     0.00  _GLOBAL__sub_I_route_head
  0.00      1.58     0.00        1     0.00     0.00  KS103_Config(int, char, char, char)
  0.00      1.58     0.00        1     0.00     0.00  Pro_Hw_Setup(char const*, int)
  0.00      1.58     0.00        1     0.00     0.00  SerialConfig(int, char, char, char)
  0.00      1.58     0.00        1     0.00     0.00  DJI_Pro_Setup(void (*)(ProHeader*))
  0.00      1.58     0.00        1     0.00     0.00  Pro_Link_Setup()
  0.00      1.58     0.00        1     0.00     0.00  DJI_Pro_Get_Cfg(int*, char*, unsigned int*, unsigned int*, char*)
  0.00      1.58     0.00        1     0.00     0.00  DJI_Pro_Rmu_Setup()
  0.00      1.58     0.00        1     0.00     0.00  uart_common_start(char const*, int, int*, fd_set*)
  0.00      1.58     0.00        1     0.00     0.00  uart_common_config(int, int, char, char, char)
  0.00      1.58     0.00        1     0.00     0.00  Get_ACK_Session_Tab()
  0.00      1.58     0.00        1     0.00     0.00  Pro_App_Recv_Set_Hook(void (*)(ProHeader*))
  0.00      1.58     0.00        1     0.00     0.00  Pro_Config_Comm_Encrypt_Key(char const*)
  0.00      1.58     0.00        1     0.00     0.00  sdk_set_encrypt_key_interface(char const*)
  0.00      1.58     0.00        1     0.00     0.00  DJI_Pro_Activate_API_CallBack(ProHeader*)
  0.00      1.58     0.00        1     0.00     0.00  DJI_Pro_Control_Management_CallBack(ProHeader*)
  0.00      1.58     0.00        1     0.00     0.00  xyVision::GetTarget::setCameraParams(std::string)
  0.00      1.58     0.00        1     0.00     0.00  xyVision::GetTarget::GetTarget(std::string)

 %         the percentage of the total running time of the
time       program used by this function.

cumulative a running sum of the number of seconds accounted
 seconds   for by this function and those listed above it.

 self      the number of seconds accounted for by this
seconds    function alone.  This is the major sort for this
           listing.

calls      the number of times this function was invoked, if
           this function is profiled, else blank.
 
 self      the average number of milliseconds spent in this
ms/call    function per call, if this function is profiled,
	   else blank.

 total     the average number of milliseconds spent in this
ms/call    function and its descendents per call, if this 
	   function is profiled, else blank.

name       the name of the function.  This is the minor sort
           for this listing. The index shows the location of
	   the function in the gprof listing. If the index is
	   in parenthesis it shows where it would appear in
	   the gprof listing if it were to be printed.

Copyright (C) 2012 Free Software Foundation, Inc.

Copying and distribution of this file, with or without modification,
are permitted in any medium without royalty provided the copyright
notice and this notice are preserved.

		     Call graph (explanation follows)


granularity: each sample hit covers 2 byte(s) for 0.63% of 1.58 seconds

index % time    self  children    called     name
                0.00    1.56     923/923         xyVision::GetTarget::operator<<(cv::Mat const&) [4]
[1]     98.7    0.00    1.56     923         xyVision::GetTarget::runOneFrame() [1]
                0.00    1.56     923/923         xyVision::GetTarget::adjustImg(cv::Mat&) [3]
                0.00    0.00     923/923         xyVision::GetTarget::binarizeTarget(cv::Mat const&, cv::Mat&, std::vector<cv::Point_<int>, std::allocator<cv::Point_<int> > >&) [36]
-----------------------------------------------
                1.56    0.00     923/923         xyVision::GetTarget::adjustImg(cv::Mat&) [3]
[2]     98.7    1.56    0.00     923         xyVision::GetTarget::imadjust(cv::Mat_<unsigned char> const&, cv::Mat_<unsigned char>&, int, cv::Vec<int, 2>, cv::Vec<int, 2>) [2]
-----------------------------------------------
                0.00    1.56     923/923         xyVision::GetTarget::runOneFrame() [1]
[3]     98.7    0.00    1.56     923         xyVision::GetTarget::adjustImg(cv::Mat&) [3]
                1.56    0.00     923/923         xyVision::GetTarget::imadjust(cv::Mat_<unsigned char> const&, cv::Mat_<unsigned char>&, int, cv::Vec<int, 2>, cv::Vec<int, 2>) [2]
-----------------------------------------------
                0.00    1.56     923/923         image_identify_thread_func(void*) [5]
[4]     98.7    0.00    1.56     923         xyVision::GetTarget::operator<<(cv::Mat const&) [4]
                0.00    1.56     923/923         xyVision::GetTarget::runOneFrame() [1]
-----------------------------------------------
                                                 <spontaneous>
[5]     98.7    0.00    1.56                 image_identify_thread_func(void*) [5]
                0.00    1.56     923/923         xyVision::GetTarget::operator<<(cv::Mat const&) [4]
                0.00    0.00       1/3           thread_binding_cpu(int) [72]
                0.00    0.00       1/1           xyVision::GetTarget::GetTarget(std::string) [115]
-----------------------------------------------
                0.01    0.00  146810/146810      SerialRecvThread(void*) [7]
[6]      0.6    0.01    0.00  146810         sdk_serial_byte_handle(unsigned char) [6]
                0.00    0.00    2003/2003        sdk_call_data_app(SDKFilter*) [33]
-----------------------------------------------
                                                 <spontaneous>
[7]      0.6    0.00    0.01                 SerialRecvThread(void*) [7]
                0.01    0.00  146810/146810      sdk_serial_byte_handle(unsigned char) [6]
-----------------------------------------------
                0.01    0.00    1316/1316        sdk_encrypt_interface(unsigned char*, unsigned char const*, unsigned short, unsigned char, unsigned char, unsigned char, unsigned short) [9]
[8]      0.6    0.01    0.00    1316         aes256_encrypt_ecb(tagAES256Context*, unsigned char*) [8]
                0.00    0.00   17108/17108       aes_mixColumns(unsigned char*) [31]
                0.00    0.00    9212/13853       aes_expandEncKey(unsigned char*, unsigned char*) [32]
-----------------------------------------------
                0.00    0.01     664/664         Pro_Send_Interface(ProSendParameter*) [10]
[9]      0.6    0.00    0.01     664         sdk_encrypt_interface(unsigned char*, unsigned char const*, unsigned short, unsigned char, unsigned char, unsigned char, unsigned short) [9]
                0.01    0.00    1316/1316        aes256_encrypt_ecb(tagAES256Context*, unsigned char*) [8]
                0.00    0.00    4641/13853       aes_expandEncKey(unsigned char*, unsigned char*) [32]
-----------------------------------------------
                0.00    0.00       1/663         Activate_API_Thread_Func(void*) [16]
                0.00    0.00       2/663         DJI_Pro_Control_Management(unsigned char, void (*)(unsigned short)) [15]
                0.00    0.00       8/663         Status_Ctrl_Thread_Func(void*) [14]
                0.00    0.01     652/663         DJI_Pro_Attitude_Control(attitude_data_t*) [11]
[10]     0.6    0.00    0.01     663         Pro_Send_Interface(ProSendParameter*) [10]
                0.00    0.01     664/664         sdk_encrypt_interface(unsigned char*, unsigned char const*, unsigned short, unsigned char, unsigned char, unsigned char, unsigned short) [9]
                0.00    0.00     664/664         Request_CMD_Session(unsigned short, unsigned short) [43]
                0.00    0.00     664/675         Free_Memory_Lock() [38]
                0.00    0.00     664/664         Pro_Hw_Send(unsigned char*, int) [40]
                0.00    0.00     663/674         Get_Memory_Lock() [39]
                0.00    0.00     653/664         Free_CMD_Session(CMD_Session_Tab*) [42]
-----------------------------------------------
                0.00    0.00      86/653         XY_Aircraft_P2P_Thread_Func(void*) [13]
                0.00    0.01     567/653         XY_Aircraft_UpDown_Thread_Func(void*) [12]
[11]     0.6    0.00    0.01     653         DJI_Pro_Attitude_Control(attitude_data_t*) [11]
                0.00    0.01     652/663         Pro_Send_Interface(ProSendParameter*) [10]
-----------------------------------------------
                                                 <spontaneous>
[12]     0.5    0.00    0.01                 XY_Aircraft_UpDown_Thread_Func(void*) [12]
                0.00    0.01     567/653         DJI_Pro_Attitude_Control(attitude_data_t*) [11]
                0.00    0.00     571/661         DJI_Pro_Get_Pos(api_pos_data_t*) [44]
                0.00    0.00     571/659         DJI_Pro_Get_GroundVo(api_vel_data_t*) [45]
                0.00    0.00     571/747         XY_Debug_Sprintf(int, char*, ...) [37]
                0.00    0.00     571/571         XY_Cal_Attitude_Ctrl_Data_UpDown(api_vel_data_t, api_pos_data_t, float, attitude_data_t*, int*) [46]
-----------------------------------------------
                                                 <spontaneous>
[13]     0.1    0.00    0.00                 XY_Aircraft_P2P_Thread_Func(void*) [13]
                0.00    0.00      86/653         DJI_Pro_Attitude_Control(attitude_data_t*) [11]
                0.00    0.00      88/659         DJI_Pro_Get_GroundVo(api_vel_data_t*) [45]
                0.00    0.00      88/661         DJI_Pro_Get_Pos(api_pos_data_t*) [44]
                0.00    0.00      88/88          XY_Cal_Attitude_Ctrl_Data_P2P(api_vel_data_t, api_pos_data_t, float, _Leg_Node*, attitude_data_t*, int*) [48]
-----------------------------------------------
                                                 <spontaneous>
[14]     0.0    0.00    0.00                 Status_Ctrl_Thread_Func(void*) [14]
                0.00    0.00       8/663         Pro_Send_Interface(ProSendParameter*) [10]
-----------------------------------------------
                                                 <spontaneous>
[15]     0.0    0.00    0.00                 DJI_Pro_Control_Management(unsigned char, void (*)(unsigned short)) [15]
                0.00    0.00       2/663         Pro_Send_Interface(ProSendParameter*) [10]
-----------------------------------------------
                                                 <spontaneous>
[16]     0.0    0.00    0.00                 Activate_API_Thread_Func(void*) [16]
                0.00    0.00       1/663         Pro_Send_Interface(ProSendParameter*) [10]
-----------------------------------------------
[17]     0.0    0.00    0.00       8+12      <cycle 1 as a whole> [17]
                0.00    0.00      12             tinyxml2::XMLNode::~XMLNode() <cycle 1> [53]
                0.00    0.00       8             tinyxml2::XMLElement::~XMLElement() <cycle 1> [63]
-----------------------------------------------
                0.00    0.00      10/10          read_profile_string [20]
[18]     0.0    0.00    0.00      10         parse_file [18]
-----------------------------------------------
                0.00    0.00      10/10          xyVision::GetTarget::setCameraParams(std::string) [114]
[19]     0.0    0.00    0.00      10         read_profile_float [19]
                0.00    0.00      10/10          read_profile_string [20]
-----------------------------------------------
                0.00    0.00      10/10          read_profile_float [19]
[20]     0.0    0.00    0.00      10         read_profile_string [20]
                0.00    0.00      10/10          parse_file [18]
-----------------------------------------------
                0.00    0.00   17108/17108       aes256_encrypt_ecb(tagAES256Context*, unsigned char*) [8]
[31]     0.0    0.00    0.00   17108         aes_mixColumns(unsigned char*) [31]
-----------------------------------------------
                0.00    0.00    4641/13853       sdk_encrypt_interface(unsigned char*, unsigned char const*, unsigned short, unsigned char, unsigned char, unsigned char, unsigned short) [9]
                0.00    0.00    9212/13853       aes256_encrypt_ecb(tagAES256Context*, unsigned char*) [8]
[32]     0.0    0.00    0.00   13853         aes_expandEncKey(unsigned char*, unsigned char*) [32]
-----------------------------------------------
                0.00    0.00    2003/2003        sdk_serial_byte_handle(unsigned char) [6]
[33]     0.0    0.00    0.00    2003         sdk_call_data_app(SDKFilter*) [33]
                0.00    0.00    2003/2003        Pro_Link_Recv_Hook(ProHeader*) [34]
-----------------------------------------------
                0.00    0.00    2003/2003        sdk_call_data_app(SDKFilter*) [33]
[34]     0.0    0.00    0.00    2003         Pro_Link_Recv_Hook(ProHeader*) [34]
                0.00    0.00    1992/1992        DJI_Pro_App_Recv_Req_Data(ProHeader*) [35]
                0.00    0.00      11/674         Get_Memory_Lock() [39]
                0.00    0.00      11/675         Free_Memory_Lock() [38]
                0.00    0.00      11/664         Free_CMD_Session(CMD_Session_Tab*) [42]
                0.00    0.00       8/8           DJI_Pro_Status_Ctrl_CallBack(ProHeader*) [59]
                0.00    0.00       1/2           Get_CMD_Session_Tab() [73]
                0.00    0.00       1/1           Get_ACK_Session_Tab() [108]
                0.00    0.00       1/1           DJI_Pro_Control_Management_CallBack(ProHeader*) [113]
                0.00    0.00       1/1           DJI_Pro_Activate_API_CallBack(ProHeader*) [112]
-----------------------------------------------
                0.00    0.00    1992/1992        Pro_Link_Recv_Hook(ProHeader*) [34]
[35]     0.0    0.00    0.00    1992         DJI_Pro_App_Recv_Req_Data(ProHeader*) [35]
-----------------------------------------------
                0.00    0.00     923/923         xyVision::GetTarget::runOneFrame() [1]
[36]     0.0    0.00    0.00     923         xyVision::GetTarget::binarizeTarget(cv::Mat const&, cv::Mat&, std::vector<cv::Point_<int>, std::allocator<cv::Point_<int> > >&) [36]
-----------------------------------------------
                0.00    0.00     176/747         XY_Cal_Attitude_Ctrl_Data_P2P(api_vel_data_t, api_pos_data_t, float, _Leg_Node*, attitude_data_t*, int*) [48]
                0.00    0.00     571/747         XY_Aircraft_UpDown_Thread_Func(void*) [12]
[37]     0.0    0.00    0.00     747         XY_Debug_Sprintf(int, char*, ...) [37]
-----------------------------------------------
                0.00    0.00      11/675         Pro_Link_Recv_Hook(ProHeader*) [34]
                0.00    0.00     664/675         Pro_Send_Interface(ProSendParameter*) [10]
[38]     0.0    0.00    0.00     675         Free_Memory_Lock() [38]
-----------------------------------------------
                0.00    0.00      11/674         Pro_Link_Recv_Hook(ProHeader*) [34]
                0.00    0.00     663/674         Pro_Send_Interface(ProSendParameter*) [10]
[39]     0.0    0.00    0.00     674         Get_Memory_Lock() [39]
-----------------------------------------------
                0.00    0.00     664/664         Pro_Send_Interface(ProSendParameter*) [10]
[40]     0.0    0.00    0.00     664         Pro_Hw_Send(unsigned char*, int) [40]
-----------------------------------------------
                0.00    0.00     664/664         Request_CMD_Session(unsigned short, unsigned short) [43]
[41]     0.0    0.00    0.00     664         Request_Memory(unsigned short) [41]
-----------------------------------------------
                0.00    0.00      11/664         Pro_Link_Recv_Hook(ProHeader*) [34]
                0.00    0.00     653/664         Pro_Send_Interface(ProSendParameter*) [10]
[42]     0.0    0.00    0.00     664         Free_CMD_Session(CMD_Session_Tab*) [42]
-----------------------------------------------
                0.00    0.00     664/664         Pro_Send_Interface(ProSendParameter*) [10]
[43]     0.0    0.00    0.00     664         Request_CMD_Session(unsigned short, unsigned short) [43]
                0.00    0.00     664/664         Request_Memory(unsigned short) [41]
-----------------------------------------------
                0.00    0.00       2/661         temporary_init_route_list() [75]
                0.00    0.00      88/661         XY_Aircraft_P2P_Thread_Func(void*) [13]
                0.00    0.00     571/661         XY_Aircraft_UpDown_Thread_Func(void*) [12]
[44]     0.0    0.00    0.00     661         DJI_Pro_Get_Pos(api_pos_data_t*) [44]
-----------------------------------------------
                0.00    0.00      88/659         XY_Aircraft_P2P_Thread_Func(void*) [13]
                0.00    0.00     571/659         XY_Aircraft_UpDown_Thread_Func(void*) [12]
[45]     0.0    0.00    0.00     659         DJI_Pro_Get_GroundVo(api_vel_data_t*) [45]
-----------------------------------------------
                0.00    0.00     571/571         XY_Aircraft_UpDown_Thread_Func(void*) [12]
[46]     0.0    0.00    0.00     571         XY_Cal_Attitude_Ctrl_Data_UpDown(api_vel_data_t, api_pos_data_t, float, attitude_data_t*, int*) [46]
-----------------------------------------------
                0.00    0.00      22/198         XY_Cal_Vel_Ctrl_Data_FP(api_vel_data_t, api_pos_data_t, api_pos_data_t, api_pos_data_t, float, attitude_data_t*) [50]
                0.00    0.00     176/198         XY_Cal_Attitude_Ctrl_Data_P2P(api_vel_data_t, api_pos_data_t, float, _Leg_Node*, attitude_data_t*, int*) [48]
[47]     0.0    0.00    0.00     198         XYZ2xyz(api_pos_data_t, XYZ, XYZ*) [47]
-----------------------------------------------
                0.00    0.00      88/88          XY_Aircraft_P2P_Thread_Func(void*) [13]
[48]     0.0    0.00    0.00      88         XY_Cal_Attitude_Ctrl_Data_P2P(api_vel_data_t, api_pos_data_t, float, _Leg_Node*, attitude_data_t*, int*) [48]
                0.00    0.00     176/198         XYZ2xyz(api_pos_data_t, XYZ, XYZ*) [47]
                0.00    0.00     176/747         XY_Debug_Sprintf(int, char*, ...) [37]
                0.00    0.00      22/22          XY_Cal_Vel_Ctrl_Data_FP(api_vel_data_t, api_pos_data_t, api_pos_data_t, api_pos_data_t, float, attitude_data_t*) [50]
-----------------------------------------------
                0.00    0.00       4/28          tinyxml2::XMLNode::ParseDeep(char*, tinyxml2::StrPair*) [85]
                0.00    0.00       6/28          tinyxml2::XMLNode::FirstChildElement(char const*) const [68]
                0.00    0.00      18/28          tinyxml2::XMLElement::ParseAttributes(char*) [60]
[49]     0.0    0.00    0.00      28         tinyxml2::StrPair::GetStr() [49]
-----------------------------------------------
                0.00    0.00      22/22          XY_Cal_Attitude_Ctrl_Data_P2P(api_vel_data_t, api_pos_data_t, float, _Leg_Node*, attitude_data_t*, int*) [48]
[50]     0.0    0.00    0.00      22         XY_Cal_Vel_Ctrl_Data_FP(api_vel_data_t, api_pos_data_t, api_pos_data_t, api_pos_data_t, float, attitude_data_t*) [50]
                0.00    0.00      22/198         XYZ2xyz(api_pos_data_t, XYZ, XYZ*) [47]
-----------------------------------------------
                0.00    0.00       8/18          tinyxml2::XMLElement::ParseDeep(char*, tinyxml2::StrPair*) [61]
                0.00    0.00      10/18          tinyxml2::XMLAttribute::ParseDeep(char*, bool) [54]
[51]     0.0    0.00    0.00      18         tinyxml2::StrPair::ParseName(char*) [51]
-----------------------------------------------
                0.00    0.00      12/12          tinyxml2::XMLNode::ParseDeep(char*, tinyxml2::StrPair*) [85]
[52]     0.0    0.00    0.00      12         tinyxml2::XMLDocument::Identify(char*, tinyxml2::XMLNode**) [52]
-----------------------------------------------
                                   8             tinyxml2::XMLElement::~XMLElement() <cycle 1> [63]
                0.00    0.00       2/8           tinyxml2::XMLDeclaration::~XMLDeclaration() [84]
                0.00    0.00       2/8           tinyxml2::XMLDocument::~XMLDocument() [81]
[53]     0.0    0.00    0.00      12         tinyxml2::XMLNode::~XMLNode() <cycle 1> [53]
                0.00    0.00       4/8           tinyxml2::MemPoolT<52>::Free(void*) [66]
                                   4             tinyxml2::XMLElement::~XMLElement() <cycle 1> [63]
-----------------------------------------------
                0.00    0.00      10/10          tinyxml2::XMLElement::ParseAttributes(char*) [60]
[54]     0.0    0.00    0.00      10         tinyxml2::XMLAttribute::ParseDeep(char*, bool) [54]
                0.00    0.00      10/18          tinyxml2::StrPair::ParseName(char*) [51]
-----------------------------------------------
                0.00    0.00      10/10          tinyxml2::XMLElement::~XMLElement() <cycle 1> [63]
[55]     0.0    0.00    0.00      10         tinyxml2::XMLAttribute::~XMLAttribute() [55]
-----------------------------------------------
                0.00    0.00      10/10          tinyxml2::XMLElement::ParseAttributes(char*) [60]
[56]     0.0    0.00    0.00      10         tinyxml2::MemPoolT<36>::SetTracked() [56]
-----------------------------------------------
                0.00    0.00      10/10          tinyxml2::XMLElement::~XMLElement() <cycle 1> [63]
[57]     0.0    0.00    0.00      10         tinyxml2::MemPoolT<36>::Free(void*) [57]
-----------------------------------------------
                0.00    0.00      10/10          tinyxml2::XMLNode::FirstChildElement(char const*) const [68]
[58]     0.0    0.00    0.00      10         tinyxml2::XMLElement::ToElement() const [58]
-----------------------------------------------
                0.00    0.00       8/8           Pro_Link_Recv_Hook(ProHeader*) [34]
[59]     0.0    0.00    0.00       8         DJI_Pro_Status_Ctrl_CallBack(ProHeader*) [59]
-----------------------------------------------
                0.00    0.00       8/8           tinyxml2::XMLElement::ParseDeep(char*, tinyxml2::StrPair*) [61]
[60]     0.0    0.00    0.00       8         tinyxml2::XMLElement::ParseAttributes(char*) [60]
                0.00    0.00      18/28          tinyxml2::StrPair::GetStr() [49]
                0.00    0.00      10/10          tinyxml2::MemPoolT<36>::SetTracked() [56]
                0.00    0.00      10/10          tinyxml2::XMLAttribute::ParseDeep(char*, bool) [54]
-----------------------------------------------
                0.00    0.00       8/8           tinyxml2::XMLNode::ParseDeep(char*, tinyxml2::StrPair*) [85]
[61]     0.0    0.00    0.00       8         tinyxml2::XMLElement::ParseDeep(char*, tinyxml2::StrPair*) [61]
                0.00    0.00       8/18          tinyxml2::StrPair::ParseName(char*) [51]
                0.00    0.00       8/8           tinyxml2::XMLElement::ParseAttributes(char*) [60]
-----------------------------------------------
                0.00    0.00       8/8           tinyxml2::XMLNode::ParseDeep(char*, tinyxml2::StrPair*) [85]
[62]     0.0    0.00    0.00       8         tinyxml2::XMLElement::ToElement() [62]
-----------------------------------------------
                                   4             tinyxml2::XMLNode::~XMLNode() <cycle 1> [53]
                0.00    0.00       2/8           tinyxml2::XMLDocument::~XMLDocument() [81]
                0.00    0.00       2/8           tinyxml2::XMLNode::ParseDeep(char*, tinyxml2::StrPair*) [85]
[63]     0.0    0.00    0.00       8         tinyxml2::XMLElement::~XMLElement() <cycle 1> [63]
                0.00    0.00      10/10          tinyxml2::XMLAttribute::~XMLAttribute() [55]
                0.00    0.00      10/10          tinyxml2::MemPoolT<36>::Free(void*) [57]
                                   8             tinyxml2::XMLNode::~XMLNode() <cycle 1> [53]
-----------------------------------------------
                0.00    0.00       8/8           tinyxml2::XMLNode::ParseDeep(char*, tinyxml2::StrPair*) [85]
[64]     0.0    0.00    0.00       8         tinyxml2::XMLNode::ToDeclaration() [64]
-----------------------------------------------
                0.00    0.00       8/8           tinyxml2::XMLNode::ParseDeep(char*, tinyxml2::StrPair*) [85]
[65]     0.0    0.00    0.00       8         tinyxml2::MemPoolT<52>::SetTracked() [65]
-----------------------------------------------
                0.00    0.00       2/8           tinyxml2::XMLDocument::~XMLDocument() [81]
                0.00    0.00       2/8           tinyxml2::XMLNode::ParseDeep(char*, tinyxml2::StrPair*) [85]
                0.00    0.00       4/8           tinyxml2::XMLNode::~XMLNode() <cycle 1> [53]
[66]     0.0    0.00    0.00       8         tinyxml2::MemPoolT<52>::Free(void*) [66]
-----------------------------------------------
                0.00    0.00       2/8           tinyxml2::XMLNode::ParseDeep(char*, tinyxml2::StrPair*) [85]
                0.00    0.00       6/8           tinyxml2::XMLNode::FirstChildElement(char const*) const [68]
[67]     0.0    0.00    0.00       8         tinyxml2::XMLNode::ToDocument() const [67]
-----------------------------------------------
                0.00    0.00       8/8           DJI_Pro_Get_Cfg(int*, char*, unsigned int*, unsigned int*, char*) [104]
[68]     0.0    0.00    0.00       8         tinyxml2::XMLNode::FirstChildElement(char const*) const [68]
                0.00    0.00      10/10          tinyxml2::XMLElement::ToElement() const [58]
                0.00    0.00       6/8           tinyxml2::XMLNode::ToDocument() const [67]
                0.00    0.00       6/28          tinyxml2::StrPair::GetStr() [49]
                0.00    0.00       4/4           tinyxml2::XMLNode::ToElement() const [71]
-----------------------------------------------
                0.00    0.00       5/5           DJI_Pro_Get_Cfg(int*, char*, unsigned int*, unsigned int*, char*) [104]
[69]     0.0    0.00    0.00       5         tinyxml2::XMLAttribute::Value() const [69]
-----------------------------------------------
                0.00    0.00       4/4           Route_Task_Thread_Func(void*) [251]
[70]     0.0    0.00    0.00       4         DJI_Pro_Status_Ctrl(unsigned char, void (*)(unsigned short)) [70]
-----------------------------------------------
                0.00    0.00       4/4           tinyxml2::XMLNode::FirstChildElement(char const*) const [68]
[71]     0.0    0.00    0.00       4         tinyxml2::XMLNode::ToElement() const [71]
-----------------------------------------------
                0.00    0.00       1/3           Debug_Check_And_Send_Thread_Func(void*) [255]
                0.00    0.00       1/3           capture_thread_func(void*) [250]
                0.00    0.00       1/3           image_identify_thread_func(void*) [5]
[72]     0.0    0.00    0.00       3         thread_binding_cpu(int) [72]
-----------------------------------------------
                0.00    0.00       1/2           PollThread(void*) [248]
                0.00    0.00       1/2           Pro_Link_Recv_Hook(ProHeader*) [34]
[73]     0.0    0.00    0.00       2         Get_CMD_Session_Tab() [73]
-----------------------------------------------
                0.00    0.00       2/2           temporary_init_route_list() [75]
[74]     0.0    0.00    0.00       2         XY_Debug_Send_At_Once(char*, ...) [74]
-----------------------------------------------
                0.00    0.00       2/2           Route_Task_Thread_Func(void*) [251]
[75]     0.0    0.00    0.00       2         temporary_init_route_list() [75]
                0.00    0.00       2/661         DJI_Pro_Get_Pos(api_pos_data_t*) [44]
                0.00    0.00       2/2           XY_Debug_Send_At_Once(char*, ...) [74]
-----------------------------------------------
                0.00    0.00       1/2           XY_Load_Goods() [137]
                0.00    0.00       1/2           XY_Unload_Goods() [148]
[76]     0.0    0.00    0.00       2         obtain_io(int*) [76]
-----------------------------------------------
                0.00    0.00       2/2           tinyxml2::XMLDocument::LoadFile(_IO_FILE*) [78]
[77]     0.0    0.00    0.00       2         tinyxml2::XMLDocument::Parse() [77]
-----------------------------------------------
                0.00    0.00       2/2           tinyxml2::XMLDocument::LoadFile(char const*) [79]
[78]     0.0    0.00    0.00       2         tinyxml2::XMLDocument::LoadFile(_IO_FILE*) [78]
                0.00    0.00       2/2           tinyxml2::XMLNode::ParseDeep(char*, tinyxml2::StrPair*) [85]
                0.00    0.00       2/2           tinyxml2::XMLDocument::Parse() [77]
-----------------------------------------------
                0.00    0.00       2/2           DJI_Pro_Get_Cfg(int*, char*, unsigned int*, unsigned int*, char*) [104]
[79]     0.0    0.00    0.00       2         tinyxml2::XMLDocument::LoadFile(char const*) [79]
                0.00    0.00       2/2           tinyxml2::XMLDocument::LoadFile(_IO_FILE*) [78]
-----------------------------------------------
                0.00    0.00       2/2           DJI_Pro_Get_Cfg(int*, char*, unsigned int*, unsigned int*, char*) [104]
[80]     0.0    0.00    0.00       2         tinyxml2::XMLDocument::XMLDocument(bool, tinyxml2::Whitespace) [80]
-----------------------------------------------
                0.00    0.00       2/2           DJI_Pro_Get_Cfg(int*, char*, unsigned int*, unsigned int*, char*) [104]
[81]     0.0    0.00    0.00       2         tinyxml2::XMLDocument::~XMLDocument() [81]
                0.00    0.00       2/8           tinyxml2::XMLElement::~XMLElement() <cycle 1> [63]
                0.00    0.00       2/2           tinyxml2::XMLDeclaration::~XMLDeclaration() [84]
                0.00    0.00       2/8           tinyxml2::MemPoolT<52>::Free(void*) [66]
                0.00    0.00       2/2           tinyxml2::MemPoolT<44>::Free(void*) [88]
                0.00    0.00       2/8           tinyxml2::XMLNode::~XMLNode() <cycle 1> [53]
-----------------------------------------------
                0.00    0.00       2/2           tinyxml2::XMLNode::ParseDeep(char*, tinyxml2::StrPair*) [85]
[82]     0.0    0.00    0.00       2         tinyxml2::XMLDeclaration::ToDeclaration() [82]
-----------------------------------------------
                0.00    0.00       2/2           tinyxml2::XMLNode::ParseDeep(char*, tinyxml2::StrPair*) [85]
[83]     0.0    0.00    0.00       2         tinyxml2::XMLDeclaration::ParseDeep(char*, tinyxml2::StrPair*) [83]
-----------------------------------------------
                0.00    0.00       2/2           tinyxml2::XMLDocument::~XMLDocument() [81]
[84]     0.0    0.00    0.00       2         tinyxml2::XMLDeclaration::~XMLDeclaration() [84]
                0.00    0.00       2/8           tinyxml2::XMLNode::~XMLNode() <cycle 1> [53]
-----------------------------------------------
                                   2             tinyxml2::XMLNode::ParseDeep(char*, tinyxml2::StrPair*) [85]
                0.00    0.00       2/2           tinyxml2::XMLDocument::LoadFile(_IO_FILE*) [78]
[85]     0.0    0.00    0.00       2+2       tinyxml2::XMLNode::ParseDeep(char*, tinyxml2::StrPair*) [85]
                0.00    0.00      12/12          tinyxml2::XMLDocument::Identify(char*, tinyxml2::XMLNode**) [52]
                0.00    0.00       8/8           tinyxml2::XMLElement::ParseDeep(char*, tinyxml2::StrPair*) [61]
                0.00    0.00       8/8           tinyxml2::XMLNode::ToDeclaration() [64]
                0.00    0.00       8/8           tinyxml2::XMLElement::ToElement() [62]
                0.00    0.00       8/8           tinyxml2::MemPoolT<52>::SetTracked() [65]
                0.00    0.00       4/28          tinyxml2::StrPair::GetStr() [49]
                0.00    0.00       2/2           tinyxml2::XMLDeclaration::ParseDeep(char*, tinyxml2::StrPair*) [83]
                0.00    0.00       2/2           tinyxml2::XMLDeclaration::ToDeclaration() [82]
                0.00    0.00       2/2           tinyxml2::XMLNode::ToElement() [86]
                0.00    0.00       2/8           tinyxml2::XMLNode::ToDocument() const [67]
                0.00    0.00       2/2           tinyxml2::MemPoolT<44>::SetTracked() [87]
                0.00    0.00       2/8           tinyxml2::XMLElement::~XMLElement() <cycle 1> [63]
                0.00    0.00       2/8           tinyxml2::MemPoolT<52>::Free(void*) [66]
                                   2             tinyxml2::XMLNode::ParseDeep(char*, tinyxml2::StrPair*) [85]
-----------------------------------------------
                0.00    0.00       2/2           tinyxml2::XMLNode::ParseDeep(char*, tinyxml2::StrPair*) [85]
[86]     0.0    0.00    0.00       2         tinyxml2::XMLNode::ToElement() [86]
-----------------------------------------------
                0.00    0.00       2/2           tinyxml2::XMLNode::ParseDeep(char*, tinyxml2::StrPair*) [85]
[87]     0.0    0.00    0.00       2         tinyxml2::MemPoolT<44>::SetTracked() [87]
-----------------------------------------------
                0.00    0.00       2/2           tinyxml2::XMLDocument::~XMLDocument() [81]
[88]     0.0    0.00    0.00       2         tinyxml2::MemPoolT<44>::Free(void*) [88]
-----------------------------------------------
                0.00    0.00       1/1           __libc_csu_init [470]
[89]     0.0    0.00    0.00       1         _GLOBAL__sub_I__Z10SerialOpenPKc [89]
-----------------------------------------------
                0.00    0.00       1/1           __libc_csu_init [470]
[90]     0.0    0.00    0.00       1         _GLOBAL__sub_I__Z13handle_signali [90]
-----------------------------------------------
                0.00    0.00       1/1           __libc_csu_init [470]
[91]     0.0    0.00    0.00       1         _GLOBAL__sub_I__Z18Pro_Link_Recv_HookP9ProHeader [91]
-----------------------------------------------
                0.00    0.00       1/1           __libc_csu_init [470]
[92]     0.0    0.00    0.00       1         _GLOBAL__sub_I__Z20DJI_Sample_Atti_Ctrlv [92]
-----------------------------------------------
                0.00    0.00       1/1           __libc_csu_init [470]
[93]     0.0    0.00    0.00       1         _GLOBAL__sub_I__Z7geo2XYZ14api_pos_data_tP3XYZ [93]
-----------------------------------------------
                0.00    0.00       1/1           __libc_csu_init [470]
[94]     0.0    0.00    0.00       1         _GLOBAL__sub_I__ZN8xyVision9GetTargetC2ESs [94]
-----------------------------------------------
                0.00    0.00       1/1           __libc_csu_init [470]
[95]     0.0    0.00    0.00       1         _GLOBAL__sub_I_adapter [95]
-----------------------------------------------
                0.00    0.00       1/1           __libc_csu_init [470]
[96]     0.0    0.00    0.00       1         _GLOBAL__sub_I_debug_fresh_flag [96]
-----------------------------------------------
                0.00    0.00       1/1           __libc_csu_init [470]
[97]     0.0    0.00    0.00       1         _GLOBAL__sub_I_mark_offset [97]
-----------------------------------------------
                0.00    0.00       1/1           __libc_csu_init [470]
[98]     0.0    0.00    0.00       1         _GLOBAL__sub_I_route_head [98]
-----------------------------------------------
                0.00    0.00       1/1           XY_Ultra_Setup(char const*, int) [143]
[99]     0.0    0.00    0.00       1         KS103_Config(int, char, char, char) [99]
-----------------------------------------------
                0.00    0.00       1/1           DJI_Sample_Setup() [152]
[100]    0.0    0.00    0.00       1         Pro_Hw_Setup(char const*, int) [100]
                0.00    0.00       1/1           SerialConfig(int, char, char, char) [101]
-----------------------------------------------
                0.00    0.00       1/1           Pro_Hw_Setup(char const*, int) [100]
[101]    0.0    0.00    0.00       1         SerialConfig(int, char, char, char) [101]
-----------------------------------------------
                0.00    0.00       1/1           DJI_Sample_Setup() [152]
[102]    0.0    0.00    0.00       1         DJI_Pro_Setup(void (*)(ProHeader*)) [102]
                0.00    0.00       1/1           Pro_Link_Setup() [103]
                0.00    0.00       1/1           Pro_App_Recv_Set_Hook(void (*)(ProHeader*)) [109]
-----------------------------------------------
                0.00    0.00       1/1           DJI_Pro_Setup(void (*)(ProHeader*)) [102]
[103]    0.0    0.00    0.00       1         Pro_Link_Setup() [103]
                0.00    0.00       1/1           DJI_Pro_Rmu_Setup() [105]
-----------------------------------------------
                0.00    0.00       1/1           DJI_Sample_Setup() [152]
[104]    0.0    0.00    0.00       1         DJI_Pro_Get_Cfg(int*, char*, unsigned int*, unsigned int*, char*) [104]
                0.00    0.00       8/8           tinyxml2::XMLNode::FirstChildElement(char const*) const [68]
                0.00    0.00       5/5           tinyxml2::XMLAttribute::Value() const [69]
                0.00    0.00       2/2           tinyxml2::XMLDocument::XMLDocument(bool, tinyxml2::Whitespace) [80]
                0.00    0.00       2/2           tinyxml2::XMLDocument::LoadFile(char const*) [79]
                0.00    0.00       2/2           tinyxml2::XMLDocument::~XMLDocument() [81]
-----------------------------------------------
                0.00    0.00       1/1           Pro_Link_Setup() [103]
[105]    0.0    0.00    0.00       1         DJI_Pro_Rmu_Setup() [105]
-----------------------------------------------
                0.00    0.00       1/1           XY_Debug_Setup() [142]
[106]    0.0    0.00    0.00       1         uart_common_start(char const*, int, int*, fd_set*) [106]
                0.00    0.00       1/1           uart_common_config(int, int, char, char, char) [107]
-----------------------------------------------
                0.00    0.00       1/1           uart_common_start(char const*, int, int*, fd_set*) [106]
[107]    0.0    0.00    0.00       1         uart_common_config(int, int, char, char, char) [107]
-----------------------------------------------
                0.00    0.00       1/1           Pro_Link_Recv_Hook(ProHeader*) [34]
[108]    0.0    0.00    0.00       1         Get_ACK_Session_Tab() [108]
-----------------------------------------------
                0.00    0.00       1/1           DJI_Pro_Setup(void (*)(ProHeader*)) [102]
[109]    0.0    0.00    0.00       1         Pro_App_Recv_Set_Hook(void (*)(ProHeader*)) [109]
-----------------------------------------------
                0.00    0.00       1/1           DJI_Pro_Activate_API_CallBack(ProHeader*) [112]
[110]    0.0    0.00    0.00       1         Pro_Config_Comm_Encrypt_Key(char const*) [110]
-----------------------------------------------
                0.00    0.00       1/1           DJI_Pro_Activate_API_CallBack(ProHeader*) [112]
[111]    0.0    0.00    0.00       1         sdk_set_encrypt_key_interface(char const*) [111]
-----------------------------------------------
                0.00    0.00       1/1           Pro_Link_Recv_Hook(ProHeader*) [34]
[112]    0.0    0.00    0.00       1         DJI_Pro_Activate_API_CallBack(ProHeader*) [112]
                0.00    0.00       1/1           sdk_set_encrypt_key_interface(char const*) [111]
                0.00    0.00       1/1           Pro_Config_Comm_Encrypt_Key(char const*) [110]
-----------------------------------------------
                0.00    0.00       1/1           Pro_Link_Recv_Hook(ProHeader*) [34]
[113]    0.0    0.00    0.00       1         DJI_Pro_Control_Management_CallBack(ProHeader*) [113]
-----------------------------------------------
                0.00    0.00       1/1           xyVision::GetTarget::GetTarget(std::string) [115]
[114]    0.0    0.00    0.00       1         xyVision::GetTarget::setCameraParams(std::string) [114]
                0.00    0.00      10/10          read_profile_float [19]
-----------------------------------------------
                0.00    0.00       1/1           image_identify_thread_func(void*) [5]
[115]    0.0    0.00    0.00       1         xyVision::GetTarget::GetTarget(std::string) [115]
                0.00    0.00       1/1           xyVision::GetTarget::setCameraParams(std::string) [114]
-----------------------------------------------

 This table describes the call tree of the program, and was sorted by
 the total amount of time spent in each function and its children.

 Each entry in this table consists of several lines.  The line with the
 index number at the left hand margin lists the current function.
 The lines above it list the functions that called this function,
 and the lines below it list the functions this one called.
 This line lists:
     index	A unique number given to each element of the table.
		Index numbers are sorted numerically.
		The index number is printed next to every function name so
		it is easier to look up where the function is in the table.

     % time	This is the percentage of the `total' time that was spent
		in this function and its children.  Note that due to
		different viewpoints, functions excluded by options, etc,
		these numbers will NOT add up to 100%.

     self	This is the total amount of time spent in this function.

     children	This is the total amount of time propagated into this
		function by its children.

     called	This is the number of times the function was called.
		If the function called itself recursively, the number
		only includes non-recursive calls, and is followed by
		a `+' and the number of recursive calls.

     name	The name of the current function.  The index number is
		printed after it.  If the function is a member of a
		cycle, the cycle number is printed between the
		function's name and the index number.


 For the function's parents, the fields have the following meanings:

     self	This is the amount of time that was propagated directly
		from the function into this parent.

     children	This is the amount of time that was propagated from
		the function's children into this parent.

     called	This is the number of times this parent called the
		function `/' the total number of times the function
		was called.  Recursive calls to the function are not
		included in the number after the `/'.

     name	This is the name of the parent.  The parent's index
		number is printed after it.  If the parent is a
		member of a cycle, the cycle number is printed between
		the name and the index number.

 If the parents of the function cannot be determined, the word
 `<spontaneous>' is printed in the `name' field, and all the other
 fields are blank.

 For the function's children, the fields have the following meanings:

     self	This is the amount of time that was propagated directly
		from the child into the function.

     children	This is the amount of time that was propagated from the
		child's children to the function.

     called	This is the number of times the function called
		this child `/' the total number of times the child
		was called.  Recursive calls by the child are not
		listed in the number after the `/'.

     name	This is the name of the child.  The child's index
		number is printed after it.  If the child is a
		member of a cycle, the cycle number is printed
		between the name and the index number.

 If there are any cycles (circles) in the call graph, there is an
 entry for the cycle-as-a-whole.  This entry shows who called the
 cycle (as parents) and the members of the cycle (as children.)
 The `+' recursive calls entry shows the number of function calls that
 were internal to the cycle, and the calls entry for each member shows,
 for that member, how many times it was called from other members of
 the cycle.

Copyright (C) 2012 Free Software Foundation, Inc.

Copying and distribution of this file, with or without modification,
are permitted in any medium without royalty provided the copyright
notice and this notice are preserved.

Index by function name

  [89] _GLOBAL__sub_I__Z10SerialOpenPKc (DJI_Pro_Hw.cpp) [70] DJI_Pro_Status_Ctrl(unsigned char, void (*)(unsigned short)) [55] tinyxml2::XMLAttribute::~XMLAttribute()
  [90] _GLOBAL__sub_I__Z13handle_signali (main.cpp) [108] Get_ACK_Session_Tab() [82] tinyxml2::XMLDeclaration::ToDeclaration()
  [91] _GLOBAL__sub_I__Z18Pro_Link_Recv_HookP9ProHeader (DJI_Pro_Link.cpp) [73] Get_CMD_Session_Tab() [83] tinyxml2::XMLDeclaration::ParseDeep(char*, tinyxml2::StrPair*)
  [92] _GLOBAL__sub_I__Z20DJI_Sample_Atti_Ctrlv (DJI_Pro_Sample.cpp) [43] Request_CMD_Session(unsigned short, unsigned short) [84] tinyxml2::XMLDeclaration::~XMLDeclaration()
  [93] _GLOBAL__sub_I__Z7geo2XYZ14api_pos_data_tP3XYZ (control_law.cpp) [45] DJI_Pro_Get_GroundVo(api_vel_data_t*) [49] tinyxml2::StrPair::GetStr()
  [94] _GLOBAL__sub_I__ZN8xyVision9GetTargetC2ESs (getTargetLoc.cpp) [109] Pro_App_Recv_Set_Hook(void (*)(ProHeader*)) [51] tinyxml2::StrPair::ParseName(char*)
  [95] _GLOBAL__sub_I_adapter (range.cpp) [74] XY_Debug_Send_At_Once(char*, ...) [64] tinyxml2::XMLNode::ToDeclaration()
  [96] _GLOBAL__sub_I_debug_fresh_flag (wireless_debug.cpp) [9] sdk_encrypt_interface(unsigned char*, unsigned char const*, unsigned short, unsigned char, unsigned char, unsigned char, unsigned short) [85] tinyxml2::XMLNode::ParseDeep(char*, tinyxml2::StrPair*)
  [97] _GLOBAL__sub_I_mark_offset (image_identify.cpp) [6] sdk_serial_byte_handle(unsigned char) [86] tinyxml2::XMLNode::ToElement()
  [98] _GLOBAL__sub_I_route_head (route.cpp) [50] XY_Cal_Vel_Ctrl_Data_FP(api_vel_data_t, api_pos_data_t, api_pos_data_t, api_pos_data_t, float, attitude_data_t*) [53] tinyxml2::XMLNode::~XMLNode()
  [40] Pro_Hw_Send(unsigned char*, int) [11] DJI_Pro_Attitude_Control(attitude_data_t*) [56] tinyxml2::MemPoolT<36>::SetTracked()
  [99] KS103_Config(int, char, char, char) [75] temporary_init_route_list() [57] tinyxml2::MemPoolT<36>::Free(void*)
 [100] Pro_Hw_Setup(char const*, int) [110] Pro_Config_Comm_Encrypt_Key(char const*) [87] tinyxml2::MemPoolT<44>::SetTracked()
 [101] SerialConfig(int, char, char, char) [48] XY_Cal_Attitude_Ctrl_Data_P2P(api_vel_data_t, api_pos_data_t, float, _Leg_Node*, attitude_data_t*, int*) [88] tinyxml2::MemPoolT<44>::Free(void*)
 [102] DJI_Pro_Setup(void (*)(ProHeader*)) [111] sdk_set_encrypt_key_interface(char const*) [65] tinyxml2::MemPoolT<52>::SetTracked()
 [103] Pro_Link_Setup()       [46] XY_Cal_Attitude_Ctrl_Data_UpDown(api_vel_data_t, api_pos_data_t, float, attitude_data_t*, int*) [66] tinyxml2::MemPoolT<52>::Free(void*)
  [41] Request_Memory(unsigned short) [47] XYZ2xyz(api_pos_data_t, XYZ, XYZ*) [1] xyVision::GetTarget::runOneFrame()
  [31] aes_mixColumns(unsigned char*) [76] obtain_io(int*) [36] xyVision::GetTarget::binarizeTarget(cv::Mat const&, cv::Mat&, std::vector<cv::Point_<int>, std::allocator<cv::Point_<int> > >&)
 [104] DJI_Pro_Get_Cfg(int*, char*, unsigned int*, unsigned int*, char*) [35] DJI_Pro_App_Recv_Req_Data(ProHeader*) (DJI_Pro_App.cpp) [114] xyVision::GetTarget::setCameraParams(std::string)
  [44] DJI_Pro_Get_Pos(api_pos_data_t*) [59] DJI_Pro_Status_Ctrl_CallBack(ProHeader*) (DJI_Pro_App.cpp) [2] xyVision::GetTarget::imadjust(cv::Mat_<unsigned char> const&, cv::Mat_<unsigned char>&, int, cv::Vec<int, 2>, cv::Vec<int, 2>)
  [39] Get_Memory_Lock()     [112] DJI_Pro_Activate_API_CallBack(ProHeader*) (DJI_Pro_App.cpp) [3] xyVision::GetTarget::adjustImg(cv::Mat&)
  [42] Free_CMD_Session(CMD_Session_Tab*) [113] DJI_Pro_Control_Management_CallBack(ProHeader*) (DJI_Pro_App.cpp) [115] xyVision::GetTarget::GetTarget(std::string)
  [38] Free_Memory_Lock()     [60] tinyxml2::XMLElement::ParseAttributes(char*) [4] xyVision::GetTarget::operator<<(cv::Mat const&)
  [37] XY_Debug_Sprintf(int, char*, ...) [61] tinyxml2::XMLElement::ParseDeep(char*, tinyxml2::StrPair*) [58] tinyxml2::XMLElement::ToElement() const
  [32] aes_expandEncKey(unsigned char*, unsigned char*) [62] tinyxml2::XMLElement::ToElement() [69] tinyxml2::XMLAttribute::Value() const
 [105] DJI_Pro_Rmu_Setup()    [63] tinyxml2::XMLElement::~XMLElement() [67] tinyxml2::XMLNode::ToDocument() const
  [33] sdk_call_data_app(SDKFilter*) [77] tinyxml2::XMLDocument::Parse() [68] tinyxml2::XMLNode::FirstChildElement(char const*) const
 [106] uart_common_start(char const*, int, int*, fd_set*) [52] tinyxml2::XMLDocument::Identify(char*, tinyxml2::XMLNode**) [71] tinyxml2::XMLNode::ToElement() const
  [34] Pro_Link_Recv_Hook(ProHeader*) [78] tinyxml2::XMLDocument::LoadFile(_IO_FILE*) [18] parse_file (inifile.c)
  [10] Pro_Send_Interface(ProSendParameter*) [79] tinyxml2::XMLDocument::LoadFile(char const*) [19] read_profile_float
   [8] aes256_encrypt_ecb(tagAES256Context*, unsigned char*) [80] tinyxml2::XMLDocument::XMLDocument(bool, tinyxml2::Whitespace) [20] read_profile_string
  [72] thread_binding_cpu(int) [81] tinyxml2::XMLDocument::~XMLDocument() [17] <cycle 1>
 [107] uart_common_config(int, int, char, char, char) [54] tinyxml2::XMLAttribute::ParseDeep(char*, bool)
